LOGGER 2024-09-11 11:03:53.984 AM error: Error
LOGGER 2024-09-11 11:03:53.996 AM warn: Warning
LOGGER 2024-09-11 11:03:53.999 AM info: Info
LOGGER 2024-09-11 11:03:54.016 AM http: Http
LOGGER 2024-09-11 11:03:54.016 AM verbose: Verbose
LOGGER 2024-09-11 11:03:54.028 AM debug: Debug
LOGGER 2024-09-11 11:03:54.029 AM silly: Silly
LOGGER 2024-09-11 11:05:45.827 AM error: Error
LOGGER 2024-09-11 11:05:45.835 AM warn: Warning
LOGGER 2024-09-11 11:05:45.837 AM info: Info
LOGGER 2024-09-11 11:05:45.839 AM http: Http
LOGGER 2024-09-11 11:05:45.839 AM verbose: Verbose
LOGGER 2024-09-11 11:05:45.840 AM debug: Debug
LOGGER 2024-09-11 11:05:45.840 AM silly: Silly
LOGGER 2024-09-11 11:07:03.304 AM error: Error
LOGGER 2024-09-11 11:07:03.309 AM warn: Warning
LOGGER 2024-09-11 11:07:03.310 AM info: Info
LOGGER 2024-09-11 11:07:03.311 AM http: Http
LOGGER 2024-09-11 11:07:03.311 AM verbose: Verbose
LOGGER 2024-09-11 11:07:03.312 AM debug: Debug
LOGGER 2024-09-11 11:07:03.312 AM silly: Silly
LOGGER 2024-09-11 11:07:45.802 AM error: Error
LOGGER 2024-09-11 11:07:45.821 AM warn: Warning
LOGGER 2024-09-11 11:07:45.826 AM info: Info
LOGGER 2024-09-11 11:07:45.827 AM http: Http
LOGGER 2024-09-11 11:07:45.827 AM verbose: Verbose
LOGGER 2024-09-11 11:07:45.827 AM debug: Debug
LOGGER 2024-09-11 11:07:45.827 AM silly: Silly
LOGGER 2024-09-11 11:09:56.309 AM error: Error
LOGGER 2024-09-11 11:09:56.324 AM warn: Warning
LOGGER 2024-09-11 11:09:56.328 AM info: Info
LOGGER 2024-09-11 11:09:56.353 AM http: Http
LOGGER 2024-09-11 11:09:56.361 AM verbose: Verbose
LOGGER 2024-09-11 11:09:56.368 AM debug: Debug
LOGGER 2024-09-11 11:09:56.369 AM silly: Silly
LOGGER 2024-09-11 11:12:34.596 AM error: Error
LOGGER 2024-09-11 11:12:34.604 AM warn: Warning
LOGGER 2024-09-11 11:12:34.606 AM info: Info
LOGGER 2024-09-11 11:12:34.608 AM http: Http
LOGGER 2024-09-11 11:12:34.609 AM verbose: Verbose
LOGGER 2024-09-11 11:12:34.609 AM debug: Debug
LOGGER 2024-09-11 11:12:34.610 AM silly: Silly
LOGGER 2024-09-11 11:14:56.567 AM error: Error
LOGGER 2024-09-11 11:14:56.571 AM warn: Warning
LOGGER 2024-09-11 11:14:56.573 AM info: Info
LOGGER 2024-09-11 11:14:56.574 AM http: Http
LOGGER 2024-09-11 11:14:56.574 AM verbose: Verbose
LOGGER 2024-09-11 11:14:56.574 AM debug: Debug
LOGGER 2024-09-11 11:14:56.574 AM silly: Silly
LOGGER 2024-09-11 11:19:19.008 AM error: Error
LOGGER 2024-09-11 11:19:19.011 AM warn: Warning
LOGGER 2024-09-11 11:19:19.013 AM info: Info
LOGGER 2024-09-11 11:19:19.015 AM http: Http
LOGGER 2024-09-11 11:19:19.015 AM verbose: Verbose
LOGGER 2024-09-11 11:19:19.016 AM debug: Debug
LOGGER 2024-09-11 11:19:19.017 AM silly: Silly
LOGGER 2024-09-11 11:21:12.069 AM error: Error
LOGGER 2024-09-11 11:21:12.078 AM warn: Warning
LOGGER 2024-09-11 11:21:12.084 AM info: Info
LOGGER 2024-09-11 11:21:12.087 AM http: Http
LOGGER 2024-09-11 11:21:12.088 AM verbose: Verbose
LOGGER 2024-09-11 11:21:12.088 AM debug: Debug
LOGGER 2024-09-11 11:21:12.088 AM silly: Silly
LOGGER 2024-09-11 11:31:14.491 AM error: Error
LOGGER 2024-09-11 11:33:19.443 AM error: Error
LOGGER 2024-09-11 11:33:38.087 AM error: Error
LOGGER 2024-09-11 11:33:54.288 AM error: Error
LOGGER 2024-09-11 11:34:10.010 AM error: Error
LOGGER 2024-09-11 11:34:10.019 AM warn: Warning
LOGGER 2024-09-11 11:34:10.021 AM info: Info
LOGGER 2024-09-11 11:34:10.023 AM http: Http
LOGGER 2024-09-11 11:34:10.023 AM verbose: Verbose
LOGGER 2024-09-11 11:34:10.024 AM debug: Debug
LOGGER 2024-09-11 11:34:10.024 AM silly: Silly
LOGGER 2024-09-11 11:34:10.026 AM info: Data Karyawan Telah Di Tambahkan
LOGGER 2024-09-11 11:34:10.033 AM error: Ada Masalah Dengan Sistem: jenis_kelamin is not defined
LOGGER 2024-09-11 11:35:28.811 AM error: Error
LOGGER 2024-09-11 11:35:28.817 AM warn: Warning
LOGGER 2024-09-11 11:35:28.819 AM info: Info
LOGGER 2024-09-11 11:35:28.822 AM http: Http
LOGGER 2024-09-11 11:35:28.823 AM verbose: Verbose
LOGGER 2024-09-11 11:35:28.823 AM debug: Debug
LOGGER 2024-09-11 11:35:28.823 AM silly: Silly
LOGGER 2024-09-11 11:35:28.825 AM info: Data Karyawan Telah Di Tambahkan
