LOGGER 2024-09-10 02:49:30.386 PM error: Error
LOGGER 2024-09-10 02:49:30.397 PM warn: Warning
LOGGER 2024-09-10 02:49:30.400 PM info: Info
LOGGER 2024-09-10 02:49:30.404 PM http: Http
LOGGER 2024-09-10 02:49:30.404 PM verbose: Verbose
LOGGER 2024-09-10 02:49:30.405 PM debug: Debug
LOGGER 2024-09-10 02:49:30.405 PM silly: Silly
LOGGER 2024-09-10 02:49:30.591 PM warn: Data Input Kosong
LOGGER 2024-09-10 02:54:04.109 PM error: Error
LOGGER 2024-09-10 02:54:04.116 PM warn: Warning
LOGGER 2024-09-10 02:54:04.118 PM info: Info
LOGGER 2024-09-10 02:54:04.122 PM http: Http
LOGGER 2024-09-10 02:54:04.122 PM verbose: Verbose
LOGGER 2024-09-10 02:54:04.123 PM debug: Debug
LOGGER 2024-09-10 02:54:04.123 PM silly: Silly
LOGGER 2024-09-10 02:54:04.252 PM warn: Data Input Kosong
LOGGER 2024-09-10 02:58:41.933 PM error: Error
LOGGER 2024-09-10 02:58:41.940 PM warn: Warning
LOGGER 2024-09-10 02:58:41.941 PM info: Info
LOGGER 2024-09-10 02:58:41.946 PM http: Http
LOGGER 2024-09-10 02:58:41.947 PM verbose: Verbose
LOGGER 2024-09-10 02:58:41.948 PM debug: Debug
LOGGER 2024-09-10 02:58:41.950 PM silly: Silly
LOGGER 2024-09-10 02:58:42.096 PM warn: Data Input Kosong
