LOGGER 2024-09-11 03:06:39.600 PM error: Error
LOGGER 2024-09-11 03:06:39.606 PM warn: Warning
LOGGER 2024-09-11 03:06:39.607 PM info: Info
LOGGER 2024-09-11 03:06:39.608 PM http: Http
LOGGER 2024-09-11 03:06:39.608 PM verbose: Verbose
LOGGER 2024-09-11 03:06:39.609 PM debug: Debug
LOGGER 2024-09-11 03:06:39.609 PM silly: Silly
LOGGER 2024-09-11 03:06:39.610 PM info: Data Karyawan Telah Di Tambahkan
LOGGER 2024-09-11 03:10:08.002 PM error: Error
LOGGER 2024-09-11 03:10:08.011 PM warn: Warning
LOGGER 2024-09-11 03:10:08.013 PM info: Info
LOGGER 2024-09-11 03:10:08.015 PM http: Http
LOGGER 2024-09-11 03:10:08.015 PM verbose: Verbose
LOGGER 2024-09-11 03:10:08.016 PM debug: Debug
LOGGER 2024-09-11 03:10:08.016 PM silly: Silly
LOGGER 2024-09-11 03:10:08.019 PM info: Data Karyawan Telah Di Tambahkan
LOGGER 2024-09-11 03:21:09.558 PM error: Error
LOGGER 2024-09-11 03:21:09.563 PM warn: Warning
LOGGER 2024-09-11 03:21:09.564 PM info: Info
LOGGER 2024-09-11 03:21:09.566 PM http: Http
LOGGER 2024-09-11 03:21:09.567 PM verbose: Verbose
LOGGER 2024-09-11 03:21:09.567 PM debug: Debug
LOGGER 2024-09-11 03:21:09.568 PM silly: Silly
LOGGER 2024-09-11 03:21:09.569 PM info: Data Karyawan Telah Di Tambahkan
LOGGER 2024-09-11 03:32:02.802 PM error: Error
LOGGER 2024-09-11 03:32:02.807 PM warn: Warning
LOGGER 2024-09-11 03:32:02.809 PM info: Info
LOGGER 2024-09-11 03:32:02.810 PM http: Http
LOGGER 2024-09-11 03:32:02.810 PM verbose: Verbose
LOGGER 2024-09-11 03:32:02.810 PM debug: Debug
LOGGER 2024-09-11 03:32:02.811 PM silly: Silly
LOGGER 2024-09-11 03:32:02.812 PM info: Data Karyawan Telah Di Tambahkan
LOGGER 2024-09-11 03:34:28.358 PM error: Error
LOGGER 2024-09-11 03:34:28.369 PM warn: Warning
LOGGER 2024-09-11 03:34:28.374 PM info: Info
LOGGER 2024-09-11 03:34:28.378 PM http: Http
LOGGER 2024-09-11 03:34:28.379 PM verbose: Verbose
LOGGER 2024-09-11 03:34:28.380 PM debug: Debug
LOGGER 2024-09-11 03:34:28.380 PM silly: Silly
LOGGER 2024-09-11 03:34:28.382 PM info: Data Karyawan Telah Di Tambahkan
